<?xml version="1.0" encoding="UTF-8"?>
<!-- Generated by org.testng.reporters.JUnitReportReporter -->
<testsuite hostname="Mohammed-Alam" failures="0" tests="1" name="zoopla.uk.hookstest.ExceptionHandlingClass" time="0.023" errors="0" timestamp="05 Jun 2022 15:40:20 GMT" skipped="0">
  <testcase classname="zoopla.uk.hookstest.ExceptionHandlingClass" name="ArithmeticExceptionTest" time="0.023"/>
</testsuite> <!-- zoopla.uk.hookstest.ExceptionHandlingClass -->
