<?xml version="1.0" encoding="UTF-8"?>
<!-- Generated by org.testng.reporters.JUnitReportReporter -->
<testsuite hostname="Mohammed-Alam" failures="0" tests="1" name="zoopla.uk.runnertest.MyRunner" time="21.952" errors="0" timestamp="24 Apr 2022 17:11:35 GMT" skipped="0">
  <testcase classname="zoopla.uk.runnertest.MyRunner" name="feature" time="21.952"/>
</testsuite> <!-- zoopla.uk.runnertest.MyRunner -->
